-------------------------------------------------------------------------------
Test set: rajTest_tests.Unit_Tests
-------------------------------------------------------------------------------
Tests run: 14, Failures: 14, Errors: 0, Skipped: 0, Time elapsed: 146.535 s <<< FAILURE! - in rajTest_tests.Unit_Tests
getBillingSitesTest(rajTest_tests.Unit_Tests)  Time elapsed: 4.383 s  <<< FAILURE!
java.lang.AssertionError: Error code: 200
	at rajTest_tests.Unit_Tests.getBillingSitesTest(Unit_Tests.java:38)

logintest(rajTest_tests.Unit_Tests)  Time elapsed: 0.766 s  <<< FAILURE!
java.lang.AssertionError: Error code: 200
	at rajTest_tests.Unit_Tests.logintest(Unit_Tests.java:13)

getDomainTest(rajTest_tests.Unit_Tests)  Time elapsed: 1.814 s  <<< FAILURE!
java.lang.AssertionError: Error code: 200
	at rajTest_tests.Unit_Tests.getDomainTest(Unit_Tests.java:57)

getMachineImagesTest(rajTest_tests.Unit_Tests)  Time elapsed: 2.424 s  <<< FAILURE!
java.lang.AssertionError: Error code: 200
	at rajTest_tests.Unit_Tests.getMachineImagesTest(Unit_Tests.java:51)

getClusterStorageTest(rajTest_tests.Unit_Tests)  Time elapsed: 0.897 s  <<< FAILURE!
java.lang.AssertionError: Error code: 200
	at rajTest_tests.Unit_Tests.getClusterStorageTest(Unit_Tests.java:93)

getCompanyTest(rajTest_tests.Unit_Tests)  Time elapsed: 1.185 s  <<< FAILURE!
java.lang.AssertionError: Error code: 200
	at rajTest_tests.Unit_Tests.getCompanyTest(Unit_Tests.java:19)

getCluterCatalogTest(rajTest_tests.Unit_Tests)  Time elapsed: 5.816 s  <<< FAILURE!
java.lang.AssertionError: Error code: 200
	at rajTest_tests.Unit_Tests.getCluterCatalogTest(Unit_Tests.java:75)

getClusterMachineImagesTest(rajTest_tests.Unit_Tests)  Time elapsed: 0.828 s  <<< FAILURE!
java.lang.AssertionError: Error code: 200
	at rajTest_tests.Unit_Tests.getClusterMachineImagesTest(Unit_Tests.java:81)

getOrdersTest(rajTest_tests.Unit_Tests)  Time elapsed: 122.042 s  <<< FAILURE!
java.lang.AssertionError: Error code: 200
	at rajTest_tests.Unit_Tests.getOrdersTest(Unit_Tests.java:99)

getClustersTest(rajTest_tests.Unit_Tests)  Time elapsed: 2.17 s  <<< FAILURE!
java.lang.AssertionError: Error code: 200
	at rajTest_tests.Unit_Tests.getClustersTest(Unit_Tests.java:63)

getDataCentersTest(rajTest_tests.Unit_Tests)  Time elapsed: 1.011 s  <<< FAILURE!
java.lang.AssertionError: Error code: 200
	at rajTest_tests.Unit_Tests.getDataCentersTest(Unit_Tests.java:26)

getClusterNetworkIntSegTest(rajTest_tests.Unit_Tests)  Time elapsed: 1.069 s  <<< FAILURE!
java.lang.AssertionError: expected:<0> but was:<200>
	at rajTest_tests.Unit_Tests.getClusterNetworkIntSegTest(Unit_Tests.java:67)

getOrderProductsTest(rajTest_tests.Unit_Tests)  Time elapsed: 1.097 s  <<< FAILURE!
java.lang.AssertionError: Error code: 200
	at rajTest_tests.Unit_Tests.getOrderProductsTest(Unit_Tests.java:45)

getClusterHostsTest(rajTest_tests.Unit_Tests)  Time elapsed: 0.813 s  <<< FAILURE!
java.lang.AssertionError: Error code: 200
	at rajTest_tests.Unit_Tests.getClusterHostsTest(Unit_Tests.java:87)

