<?xml version="1.0" encoding="UTF-8"?>
<testsuite xmlns:xsi="http://www.w3.org/2001/XMLSchema-instance" xsi:noNamespaceSchemaLocation="https://maven.apache.org/surefire/maven-surefire-plugin/xsd/surefire-test-report.xsd" name="rajTest_tests.Unit_Tests" time="146.535" tests="14" errors="0" skipped="0" failures="14">
  <properties>
[...]
</properties>
  <testcase name="getBillingSitesTest" classname="rajTest_tests.Unit_Tests" time="4.383">
    <failure message="Error code: 200" type="java.lang.AssertionError">java.lang.AssertionError: Error code: 200
	at rajTest_tests.Unit_Tests.getBillingSitesTest(Unit_Tests.java:38)
</failure>
    <system-out><![CDATA[
Sending 'GET' Company billing Sites request to URL: http://nj3dccnjsdv02.it.savvis.net:10010/companies/201514/billingSites
Response Code : 200
Billing Sites'': 


Sending 'GET' Company billing Sites request to URL: http://nj3dccnjsdv02.it.savvis.net:10010/companies/201514/billingSites
Response Code : 200
Billing Sites'': 

]]></system-out>
  </testcase>
  <testcase name="logintest" classname="rajTest_tests.Unit_Tests" time="0.766">
    <failure message="Error code: 200" type="java.lang.AssertionError">java.lang.AssertionError: Error code: 200
	at rajTest_tests.Unit_Tests.logintest(Unit_Tests.java:13)
</failure>
    <system-out><![CDATA[
Sending 'POST' login request to URL: http://nj3dccnjsdv02.it.savvis.net:10010/login
Response Code : 200


Sending 'POST' login request to URL: http://nj3dccnjsdv02.it.savvis.net:10010/login
Response Code : 200

]]></system-out>
  </testcase>
  <testcase name="getDomainTest" classname="rajTest_tests.Unit_Tests" time="1.814">
    <failure message="Error code: 200" type="java.lang.AssertionError">java.lang.AssertionError: Error code: 200
	at rajTest_tests.Unit_Tests.getDomainTest(Unit_Tests.java:57)
</failure>
    <system-out><![CDATA[
Sending 'GET' Company domains request to URL: http://nj3dccnjsdv02.it.savvis.net:10010/companies/201514/domains
Response Code : 200
Domains: 


Sending 'GET' Company domains request to URL: http://nj3dccnjsdv02.it.savvis.net:10010/companies/201514/domains
Response Code : 200
Domains: 

]]></system-out>
  </testcase>
  <testcase name="getMachineImagesTest" classname="rajTest_tests.Unit_Tests" time="2.424">
    <failure message="Error code: 200" type="java.lang.AssertionError">java.lang.AssertionError: Error code: 200
	at rajTest_tests.Unit_Tests.getMachineImagesTest(Unit_Tests.java:51)
</failure>
    <system-out><![CDATA[
Sending 'GET' Company Machines request to URL: http://nj3dccnjsdv02.it.savvis.net:10010/companies/201514/machineImages
Response Code : 200
Machines: 


Sending 'GET' Company Machines request to URL: http://nj3dccnjsdv02.it.savvis.net:10010/companies/201514/machineImages
Response Code : 200
Machines: 

]]></system-out>
  </testcase>
  <testcase name="getClusterStorageTest" classname="rajTest_tests.Unit_Tests" time="0.897">
    <failure message="Error code: 200" type="java.lang.AssertionError">java.lang.AssertionError: Error code: 200
	at rajTest_tests.Unit_Tests.getClusterStorageTest(Unit_Tests.java:93)
</failure>
    <system-out><![CDATA[
Sending 'GET' Company cluster storages request to URL: http://nj3dccnjsdv02.it.savvis.net:10010/companies/201514/clusters/58b9ae92b95f761040cc1b5f/storages
Response Code : 200
Storages: 


Sending 'GET' Company cluster storages request to URL: http://nj3dccnjsdv02.it.savvis.net:10010/companies/201514/clusters/58b9ae92b95f761040cc1b5f/storages
Response Code : 200
Storages: 

]]></system-out>
  </testcase>
  <testcase name="getCompanyTest" classname="rajTest_tests.Unit_Tests" time="1.185">
    <failure message="Error code: 200" type="java.lang.AssertionError">java.lang.AssertionError: Error code: 200
	at rajTest_tests.Unit_Tests.getCompanyTest(Unit_Tests.java:19)
</failure>
    <system-out><![CDATA[
Sending 'GET' Company request to URL: http://nj3dccnjsdv02.it.savvis.net:10010/companies
Response Code : 200
Company: 


Sending 'GET' Company request to URL: http://nj3dccnjsdv02.it.savvis.net:10010/companies
Response Code : 200
Company: 

]]></system-out>
  </testcase>
  <testcase name="getCluterCatalogTest" classname="rajTest_tests.Unit_Tests" time="5.816">
    <failure message="Error code: 200" type="java.lang.AssertionError">java.lang.AssertionError: Error code: 200
	at rajTest_tests.Unit_Tests.getCluterCatalogTest(Unit_Tests.java:75)
</failure>
    <system-out><![CDATA[
Sending 'GET' Company cluster catalogs request to URL: http://nj3dccnjsdv02.it.savvis.net:10010/companies/201514/clusters/58b9ae92b95f761040cc1b5f/catalogs/?type=os
Response Code : 200
Catalogs: 


Sending 'GET' Company cluster catalogs request to URL: http://nj3dccnjsdv02.it.savvis.net:10010/companies/201514/clusters/58b9ae92b95f761040cc1b5f/catalogs/?type=compute
Response Code : 200
Catalogs: 


Sending 'GET' Company cluster catalogs request to URL: http://nj3dccnjsdv02.it.savvis.net:10010/companies/201514/clusters/58b9ae92b95f761040cc1b5f/catalogs/?type=all
Response Code : 200
Catalogs: 


Sending 'GET' Company cluster catalogs request to URL: http://nj3dccnjsdv02.it.savvis.net:10010/companies/201514/clusters/58b9ae92b95f761040cc1b5f/catalogs/?type=storage
Response Code : 200
Catalogs: 


Sending 'GET' Company cluster catalogs request to URL: http://nj3dccnjsdv02.it.savvis.net:10010/companies/201514/clusters/58b9ae92b95f761040cc1b5f/catalogs/?type=os
Response Code : 200
Catalogs: 


Sending 'GET' Company cluster catalogs request to URL: http://nj3dccnjsdv02.it.savvis.net:10010/companies/201514/clusters/58b9ae92b95f761040cc1b5f/catalogs/?type=compute
Response Code : 200
Catalogs: 


Sending 'GET' Company cluster catalogs request to URL: http://nj3dccnjsdv02.it.savvis.net:10010/companies/201514/clusters/58b9ae92b95f761040cc1b5f/catalogs/?type=all
Response Code : 200
Catalogs: 


Sending 'GET' Company cluster catalogs request to URL: http://nj3dccnjsdv02.it.savvis.net:10010/companies/201514/clusters/58b9ae92b95f761040cc1b5f/catalogs/?type=storage
Response Code : 200
Catalogs: 

]]></system-out>
  </testcase>
  <testcase name="getClusterMachineImagesTest" classname="rajTest_tests.Unit_Tests" time="0.828">
    <failure message="Error code: 200" type="java.lang.AssertionError">java.lang.AssertionError: Error code: 200
	at rajTest_tests.Unit_Tests.getClusterMachineImagesTest(Unit_Tests.java:81)
</failure>
    <system-out><![CDATA[
Sending 'GET' Company cluster machines request to URL: http://nj3dccnjsdv02.it.savvis.net:10010/companies/201514/clusters/58b9ae92b95f761040cc1b5f/machines
Response Code : 200
Machines: 


Sending 'GET' Company cluster machines request to URL: http://nj3dccnjsdv02.it.savvis.net:10010/companies/201514/clusters/58b9ae92b95f761040cc1b5f/machines
Response Code : 200
Machines: 

]]></system-out>
  </testcase>
  <testcase name="getOrdersTest" classname="rajTest_tests.Unit_Tests" time="122.042">
    <failure message="Error code: 200" type="java.lang.AssertionError">java.lang.AssertionError: Error code: 200
	at rajTest_tests.Unit_Tests.getOrdersTest(Unit_Tests.java:99)
</failure>
    <system-out><![CDATA[
Sending 'GET' Company orders request to URL: http://nj3dccnjsdv02.it.savvis.net:10010/companies/201514/orders
Response Code : 200
Orders: 


Sending 'GET' Company orders request to URL: http://nj3dccnjsdv02.it.savvis.net:10010/companies/201514/orders
Response Code : 200
Orders: 

]]></system-out>
  </testcase>
  <testcase name="getClustersTest" classname="rajTest_tests.Unit_Tests" time="2.17">
    <failure message="Error code: 200" type="java.lang.AssertionError">java.lang.AssertionError: Error code: 200
	at rajTest_tests.Unit_Tests.getClustersTest(Unit_Tests.java:63)
</failure>
    <system-out><![CDATA[
Sending 'GET' Company domains request to URL: http://nj3dccnjsdv02.it.savvis.net:10010/companies/201514/clusters
Response Code : 200
Clusters: 


Sending 'GET' Company domains request to URL: http://nj3dccnjsdv02.it.savvis.net:10010/companies/201514/clusters
Response Code : 200
Clusters: 

]]></system-out>
  </testcase>
  <testcase name="getDataCentersTest" classname="rajTest_tests.Unit_Tests" time="1.011">
    <failure message="Error code: 200" type="java.lang.AssertionError">java.lang.AssertionError: Error code: 200
	at rajTest_tests.Unit_Tests.getDataCentersTest(Unit_Tests.java:26)
</failure>
    <system-out><![CDATA[
Sending 'GET' Company Data Centers request to URL: http://nj3dccnjsdv02.it.savvis.net:10010/companies/201514/dataCenters
Response Code : 200
Data Centers: 


Sending 'GET' Company Data Centers request to URL: http://nj3dccnjsdv02.it.savvis.net:10010/companies/201514/dataCenters
Response Code : 200
Data Centers: 

]]></system-out>
  </testcase>
  <testcase name="getClusterNetworkIntSegTest" classname="rajTest_tests.Unit_Tests" time="1.069">
    <failure message="expected:&lt;0&gt; but was:&lt;200&gt;" type="java.lang.AssertionError"><![CDATA[java.lang.AssertionError: expected:<0> but was:<200>
	at rajTest_tests.Unit_Tests.getClusterNetworkIntSegTest(Unit_Tests.java:67)
]]></failure>
    <system-err><![CDATA[java.net.SocketException: Unexpected end of file from server
	at sun.net.www.http.HttpClient.parseHTTPHeader(Unknown Source)
	at sun.net.www.http.HttpClient.parseHTTP(Unknown Source)
	at sun.net.www.http.HttpClient.parseHTTPHeader(Unknown Source)
	at sun.net.www.http.HttpClient.parseHTTP(Unknown Source)
	at sun.net.www.protocol.http.HttpURLConnection.getInputStream0(Unknown Source)
	at sun.net.www.protocol.http.HttpURLConnection.getInputStream(Unknown Source)
	at java.net.HttpURLConnection.getResponseCode(Unknown Source)
	at rajTest.TestCase.getClusterNetworkIntSeg(TestCase.java:724)
	at rajTest_tests.Unit_Tests.getClusterNetworkIntSegTest(Unit_Tests.java:67)
	at sun.reflect.NativeMethodAccessorImpl.invoke0(Native Method)
	at sun.reflect.NativeMethodAccessorImpl.invoke(Unknown Source)
	at sun.reflect.DelegatingMethodAccessorImpl.invoke(Unknown Source)
	at java.lang.reflect.Method.invoke(Unknown Source)
	at org.junit.runners.model.FrameworkMethod$1.runReflectiveCall(FrameworkMethod.java:50)
	at org.junit.internal.runners.model.ReflectiveCallable.run(ReflectiveCallable.java:12)
	at org.junit.runners.model.FrameworkMethod.invokeExplosively(FrameworkMethod.java:47)
	at org.junit.internal.runners.statements.InvokeMethod.evaluate(InvokeMethod.java:17)
	at org.junit.runners.ParentRunner.runLeaf(ParentRunner.java:325)
	at org.junit.runners.BlockJUnit4ClassRunner.runChild(BlockJUnit4ClassRunner.java:78)
	at org.junit.runners.BlockJUnit4ClassRunner.runChild(BlockJUnit4ClassRunner.java:57)
	at org.junit.runners.ParentRunner$3.run(ParentRunner.java:290)
	at org.junit.runners.ParentRunner$1.schedule(ParentRunner.java:71)
	at org.junit.runners.ParentRunner.runChildren(ParentRunner.java:288)
	at org.junit.runners.ParentRunner.access$000(ParentRunner.java:58)
	at org.junit.runners.ParentRunner$2.evaluate(ParentRunner.java:268)
	at org.junit.runners.ParentRunner.run(ParentRunner.java:363)
	at org.apache.maven.surefire.junit4.JUnit4Provider.execute(JUnit4Provider.java:365)
	at org.apache.maven.surefire.junit4.JUnit4Provider.executeWithRerun(JUnit4Provider.java:272)
	at org.apache.maven.surefire.junit4.JUnit4Provider.executeTestSet(JUnit4Provider.java:236)
	at org.apache.maven.surefire.junit4.JUnit4Provider.invoke(JUnit4Provider.java:159)
	at sun.reflect.NativeMethodAccessorImpl.invoke0(Native Method)
	at sun.reflect.NativeMethodAccessorImpl.invoke(Unknown Source)
	at sun.reflect.DelegatingMethodAccessorImpl.invoke(Unknown Source)
	at java.lang.reflect.Method.invoke(Unknown Source)
	at org.apache.maven.surefire.util.ReflectionUtils.invokeMethodWithArray2(ReflectionUtils.java:202)
	at org.apache.maven.surefire.booter.ProviderFactory$ProviderProxy.invoke(ProviderFactory.java:158)
	at org.apache.maven.surefire.booter.ProviderFactory.invokeProvider(ProviderFactory.java:81)
	at org.apache.maven.plugin.surefire.InPluginVMSurefireStarter.runSuitesInProcess(InPluginVMSurefireStarter.java:84)
	at org.apache.maven.plugin.surefire.AbstractSurefireMojo.executeProvider(AbstractSurefireMojo.java:1060)
	at org.apache.maven.plugin.surefire.AbstractSurefireMojo.executeAfterPreconditionsChecked(AbstractSurefireMojo.java:907)
	at org.apache.maven.plugin.surefire.AbstractSurefireMojo.execute(AbstractSurefireMojo.java:785)
	at org.apache.maven.plugin.DefaultBuildPluginManager.executeMojo(DefaultBuildPluginManager.java:134)
	at org.apache.maven.lifecycle.internal.MojoExecutor.execute(MojoExecutor.java:208)
	at org.apache.maven.lifecycle.internal.MojoExecutor.execute(MojoExecutor.java:153)
	at org.apache.maven.lifecycle.internal.MojoExecutor.execute(MojoExecutor.java:145)
	at org.apache.maven.lifecycle.internal.LifecycleModuleBuilder.buildProject(LifecycleModuleBuilder.java:116)
	at org.apache.maven.lifecycle.internal.LifecycleModuleBuilder.buildProject(LifecycleModuleBuilder.java:80)
	at org.apache.maven.lifecycle.internal.builder.singlethreaded.SingleThreadedBuilder.build(SingleThreadedBuilder.java:51)
	at org.apache.maven.lifecycle.internal.LifecycleStarter.execute(LifecycleStarter.java:128)
	at org.apache.maven.DefaultMaven.doExecute(DefaultMaven.java:307)
	at org.apache.maven.DefaultMaven.doExecute(DefaultMaven.java:193)
	at org.apache.maven.DefaultMaven.execute(DefaultMaven.java:106)
	at org.apache.maven.cli.MavenCli.execute(MavenCli.java:862)
	at org.apache.maven.cli.MavenCli.doMain(MavenCli.java:286)
	at org.apache.maven.cli.MavenCli.main(MavenCli.java:197)
	at sun.reflect.NativeMethodAccessorImpl.invoke0(Native Method)
	at sun.reflect.NativeMethodAccessorImpl.invoke(Unknown Source)
	at sun.reflect.DelegatingMethodAccessorImpl.invoke(Unknown Source)
	at java.lang.reflect.Method.invoke(Unknown Source)
	at org.codehaus.plexus.classworlds.launcher.Launcher.launchEnhanced(Launcher.java:289)
	at org.codehaus.plexus.classworlds.launcher.Launcher.launch(Launcher.java:229)
	at org.codehaus.plexus.classworlds.launcher.Launcher.mainWithExitCode(Launcher.java:415)
	at org.codehaus.plexus.classworlds.launcher.Launcher.main(Launcher.java:356)
]]></system-err>
  </testcase>
  <testcase name="getOrderProductsTest" classname="rajTest_tests.Unit_Tests" time="1.097">
    <failure message="Error code: 200" type="java.lang.AssertionError">java.lang.AssertionError: Error code: 200
	at rajTest_tests.Unit_Tests.getOrderProductsTest(Unit_Tests.java:45)
</failure>
    <system-out><![CDATA[
Sending 'GET' Company order products request to URL: http://nj3dccnjsdv02.it.savvis.net:10010/companies/201514/orders/5784be6a6eaed0783558728c/products
Response Code : 200
Order Products: 


Sending 'GET' Company order products request to URL: http://nj3dccnjsdv02.it.savvis.net:10010/companies/201514/orders/5784be6a6eaed0783558728c/products
Response Code : 200
Order Products: 

]]></system-out>
  </testcase>
  <testcase name="getClusterHostsTest" classname="rajTest_tests.Unit_Tests" time="0.813">
    <failure message="Error code: 200" type="java.lang.AssertionError">java.lang.AssertionError: Error code: 200
	at rajTest_tests.Unit_Tests.getClusterHostsTest(Unit_Tests.java:87)
</failure>
    <system-out><![CDATA[
Sending 'GET' Company cluster hosts request to URL: http://nj3dccnjsdv02.it.savvis.net:10010/companies/201514/clusters/58b9ae92b95f761040cc1b5f/hosts
Response Code : 200
Hosts: 


Sending 'GET' Company cluster hosts request to URL: http://nj3dccnjsdv02.it.savvis.net:10010/companies/201514/clusters/58b9ae92b95f761040cc1b5f/hosts
Response Code : 200
Hosts: 

]]></system-out>
  </testcase>
</testsuite>